<?xml version="1.0" encoding="UTF-8"?>
<!-- Generated by org.testng.reporters.JUnitReportReporter -->
<testsuite hostname="DESKTOP-D6FQT73" failures="0" tests="4" name="org.sample.TestNGSample" time="0.053" errors="0" timestamp="2025-02-27T06:00:29 IST" skipped="1">
  <testcase classname="org.sample.TestNGSample" name="tc06" time="0.014"/>
  <testcase classname="org.sample.TestNGSample" name="tc06" time="0.033"/>
  <testcase classname="org.sample.TestNGSample" name="tc08" time="0.006"/>
  <testcase classname="org.sample.TestNGSample" name="tc05">
    <skipped/>
  </testcase> <!-- tc05 -->
</testsuite> <!-- org.sample.TestNGSample -->
